<?xml version="1.0" encoding="UTF-8"?>
<!-- Generated by org.testng.reporters.JUnitReportReporter -->
<testsuite skipped="0" hostname="LAPTOP-KNHH4CE3" name="Naukri.NaukriUpdate" tests="1" failures="0" timestamp="02 Mar 2021 05:22:46 GMT" time="28.706" errors="0">
  <testcase name="test" time="28.706" classname="Naukri.NaukriUpdate"/>
</testsuite> <!-- Naukri.NaukriUpdate -->
