<?xml version="1.0" encoding="UTF-8"?>
<!-- Generated by org.testng.reporters.JUnitReportReporter -->
<testsuite skipped="0" hostname="LAPTOP-KNHH4CE3" name="Naukri.NaukriUpdate" tests="1" failures="0" timestamp="02 Mar 2021 07:42:15 GMT" time="25.222" errors="0">
  <testcase name="test" time="25.222" classname="Naukri.NaukriUpdate"/>
</testsuite> <!-- Naukri.NaukriUpdate -->
