<?xml version="1.0" encoding="UTF-8"?>
<!-- Generated by org.testng.reporters.JUnitReportReporter -->
<testsuite skipped="0" hostname="user-PC" name="com.Naukri.NaukriUpdate" tests="1" failures="0" timestamp="26 Feb 2021 17:45:28 GMT" time="88.007" errors="0">
  <testcase name="test" time="88.007" classname="com.Naukri.NaukriUpdate"/>
</testsuite> <!-- com.Naukri.NaukriUpdate -->
