<?xml version="1.0" encoding="UTF-8"?>
<!-- Generated by org.testng.reporters.JUnitReportReporter -->
<testsuite skipped="0" hostname="LAPTOP-KNHH4CE3" name="Naukri.NaukriUpdate" tests="1" failures="0" timestamp="03 Mar 2021 05:22:53 GMT" time="40.664" errors="0">
  <testcase name="test" time="40.664" classname="Naukri.NaukriUpdate"/>
</testsuite> <!-- Naukri.NaukriUpdate -->
