<?xml version="1.0" encoding="UTF-8"?>
<!-- Generated by org.testng.reporters.JUnitReportReporter -->
<testsuite skipped="0" hostname="ASHWINI-HR" name="Naukri.NaukriUpdate" tests="1" failures="0" timestamp="01 Mar 2021 16:26:05 GMT" time="65.679" errors="0">
  <testcase name="test" time="65.679" classname="Naukri.NaukriUpdate"/>
</testsuite> <!-- Naukri.NaukriUpdate -->
